[2025-08-08 20:12:54.000] [Throwable] 
 Throwable:
Message: Too few arguments to function TurmasMiddleware::hasNotTurmaByLetra(), 1 passed in C:\xampp\htdocs\api_2bim\src\routes\Roteador.php on line 243 and exactly 2 expected
Code: 0
File: C:\xampp\htdocs\api_2bim\src\middlewares\TurmasMiddleware.php
Line: 100
Trace:
#0 C:\xampp\htdocs\api_2bim\src\routes\Roteador.php(243): TurmasMiddleware->hasNotTurmaByLetra('C')
#1 C:\xampp\htdocs\api_2bim\src\routes\Router.php(458): Roteador->{closure}('1')
#2 C:\xampp\htdocs\api_2bim\src\routes\Router.php(440): Router->invoke(Object(Closure), Array)
#3 C:\xampp\htdocs\api_2bim\src\routes\Router.php(287): Router->handle(Array, true)
#4 C:\xampp\htdocs\api_2bim\src\routes\Roteador.php(301): Router->run()
#5 C:\xampp\htdocs\api.php(3): Roteador->start()
#6 {main} 
 ################################################## 
[2025-08-08 20:13:04.000] [Throwable] 
 Throwable:
Message: Too few arguments to function TurmasMiddleware::hasNotTurmaByLetra(), 1 passed in C:\xampp\htdocs\api_2bim\src\routes\Roteador.php on line 243 and exactly 2 expected
Code: 0
File: C:\xampp\htdocs\api_2bim\src\middlewares\TurmasMiddleware.php
Line: 100
Trace:
#0 C:\xampp\htdocs\api_2bim\src\routes\Roteador.php(243): TurmasMiddleware->hasNotTurmaByLetra('c')
#1 C:\xampp\htdocs\api_2bim\src\routes\Router.php(458): Roteador->{closure}('1')
#2 C:\xampp\htdocs\api_2bim\src\routes\Router.php(440): Router->invoke(Object(Closure), Array)
#3 C:\xampp\htdocs\api_2bim\src\routes\Router.php(287): Router->handle(Array, true)
#4 C:\xampp\htdocs\api_2bim\src\routes\Roteador.php(301): Router->run()
#5 C:\xampp\htdocs\api.php(3): Roteador->start()
#6 {main} 
 ################################################## 
[2025-08-08 20:15:21.000] [Throwable] 
 Throwable:
Message: Too few arguments to function turmasDAO::readByLetra(), 1 passed in C:\xampp\htdocs\api_2bim\src\middlewares\TurmasMiddleware.php on line 103 and exactly 2 expected
Code: 0
File: C:\xampp\htdocs\api_2bim\src\DAO\turmasDAO.php
Line: 50
Trace:
#0 C:\xampp\htdocs\api_2bim\src\middlewares\TurmasMiddleware.php(103): turmasDAO->readByLetra('c')
#1 C:\xampp\htdocs\api_2bim\src\routes\Roteador.php(243): TurmasMiddleware->hasNotTurmaByLetra('c', '3')
#2 C:\xampp\htdocs\api_2bim\src\routes\Router.php(458): Roteador->{closure}('1')
#3 C:\xampp\htdocs\api_2bim\src\routes\Router.php(440): Router->invoke(Object(Closure), Array)
#4 C:\xampp\htdocs\api_2bim\src\routes\Router.php(287): Router->handle(Array, true)
#5 C:\xampp\htdocs\api_2bim\src\routes\Roteador.php(301): Router->run()
#6 C:\xampp\htdocs\api.php(3): Roteador->start()
#7 {main} 
 ################################################## 
[2025-08-08 20:15:38.000] [Throwable] 
 Throwable:
Message: Too few arguments to function turmasDAO::readByLetra(), 1 passed in C:\xampp\htdocs\api_2bim\src\middlewares\TurmasMiddleware.php on line 103 and exactly 2 expected
Code: 0
File: C:\xampp\htdocs\api_2bim\src\DAO\turmasDAO.php
Line: 50
Trace:
#0 C:\xampp\htdocs\api_2bim\src\middlewares\TurmasMiddleware.php(103): turmasDAO->readByLetra('c')
#1 C:\xampp\htdocs\api_2bim\src\routes\Roteador.php(243): TurmasMiddleware->hasNotTurmaByLetra('c', '3')
#2 C:\xampp\htdocs\api_2bim\src\routes\Router.php(458): Roteador->{closure}('1')
#3 C:\xampp\htdocs\api_2bim\src\routes\Router.php(440): Router->invoke(Object(Closure), Array)
#4 C:\xampp\htdocs\api_2bim\src\routes\Router.php(287): Router->handle(Array, true)
#5 C:\xampp\htdocs\api_2bim\src\routes\Roteador.php(301): Router->run()
#6 C:\xampp\htdocs\api.php(3): Roteador->start()
#7 {main} 
 ################################################## 
[2025-08-08 20:16:03.000] [Throwable] 
 Throwable:
Message: SQLSTATE[42000]: Syntax error or access violation: 1064 You have an error in your SQL syntax; check the manual that corresponds to your MariaDB server version for the right syntax to use near 'ORDER BY id_turma ASC' at line 9
Code: 42000
File: C:\xampp\htdocs\api_2bim\src\DAO\turmasDAO.php
Line: 62
Trace:
#0 C:\xampp\htdocs\api_2bim\src\DAO\turmasDAO.php(62): PDOStatement->execute(Array)
#1 C:\xampp\htdocs\api_2bim\src\middlewares\TurmasMiddleware.php(103): turmasDAO->readByLetra('c', 3)
#2 C:\xampp\htdocs\api_2bim\src\routes\Roteador.php(243): TurmasMiddleware->hasNotTurmaByLetra('c', '3')
#3 C:\xampp\htdocs\api_2bim\src\routes\Router.php(458): Roteador->{closure}('1')
#4 C:\xampp\htdocs\api_2bim\src\routes\Router.php(440): Router->invoke(Object(Closure), Array)
#5 C:\xampp\htdocs\api_2bim\src\routes\Router.php(287): Router->handle(Array, true)
#6 C:\xampp\htdocs\api_2bim\src\routes\Roteador.php(301): Router->run()
#7 C:\xampp\htdocs\api.php(3): Roteador->start()
#8 {main} 
 ################################################## 
[2025-08-08 20:16:07.000] [Throwable] 
 Throwable:
Message: SQLSTATE[42000]: Syntax error or access violation: 1064 You have an error in your SQL syntax; check the manual that corresponds to your MariaDB server version for the right syntax to use near 'ORDER BY id_turma ASC' at line 9
Code: 42000
File: C:\xampp\htdocs\api_2bim\src\DAO\turmasDAO.php
Line: 62
Trace:
#0 C:\xampp\htdocs\api_2bim\src\DAO\turmasDAO.php(62): PDOStatement->execute(Array)
#1 C:\xampp\htdocs\api_2bim\src\middlewares\TurmasMiddleware.php(103): turmasDAO->readByLetra('c', 3)
#2 C:\xampp\htdocs\api_2bim\src\routes\Roteador.php(243): TurmasMiddleware->hasNotTurmaByLetra('c', '3')
#3 C:\xampp\htdocs\api_2bim\src\routes\Router.php(458): Roteador->{closure}('1')
#4 C:\xampp\htdocs\api_2bim\src\routes\Router.php(440): Router->invoke(Object(Closure), Array)
#5 C:\xampp\htdocs\api_2bim\src\routes\Router.php(287): Router->handle(Array, true)
#6 C:\xampp\htdocs\api_2bim\src\routes\Roteador.php(301): Router->run()
#7 C:\xampp\htdocs\api.php(3): Roteador->start()
#8 {main} 
 ################################################## 
[2025-08-08 20:16:41.000] [Throwable] 
 Throwable:
Message: SQLSTATE[42000]: Syntax error or access violation: 1064 You have an error in your SQL syntax; check the manual that corresponds to your MariaDB server version for the right syntax to use near 'ORDER BY id_turma ASC' at line 9
Code: 42000
File: C:\xampp\htdocs\api_2bim\src\DAO\turmasDAO.php
Line: 62
Trace:
#0 C:\xampp\htdocs\api_2bim\src\DAO\turmasDAO.php(62): PDOStatement->execute(Array)
#1 C:\xampp\htdocs\api_2bim\src\middlewares\TurmasMiddleware.php(103): turmasDAO->readByLetra('c', 3)
#2 C:\xampp\htdocs\api_2bim\src\routes\Roteador.php(243): TurmasMiddleware->hasNotTurmaByLetra('c', '3')
#3 C:\xampp\htdocs\api_2bim\src\routes\Router.php(458): Roteador->{closure}('1')
#4 C:\xampp\htdocs\api_2bim\src\routes\Router.php(440): Router->invoke(Object(Closure), Array)
#5 C:\xampp\htdocs\api_2bim\src\routes\Router.php(287): Router->handle(Array, true)
#6 C:\xampp\htdocs\api_2bim\src\routes\Roteador.php(301): Router->run()
#7 C:\xampp\htdocs\api.php(3): Roteador->start()
#8 {main} 
 ################################################## 
[2025-08-08 20:18:16.000] [Throwable] 
 Throwable:
Message: SQLSTATE[HY093]: Invalid parameter number: number of bound variables does not match number of tokens
Code: HY093
File: C:\xampp\htdocs\api_2bim\src\DAO\turmasDAO.php
Line: 62
Trace:
#0 C:\xampp\htdocs\api_2bim\src\DAO\turmasDAO.php(62): PDOStatement->execute(Array)
#1 C:\xampp\htdocs\api_2bim\src\middlewares\TurmasMiddleware.php(103): turmasDAO->readByLetra('c', 3)
#2 C:\xampp\htdocs\api_2bim\src\routes\Roteador.php(243): TurmasMiddleware->hasNotTurmaByLetra('c', '3')
#3 C:\xampp\htdocs\api_2bim\src\routes\Router.php(458): Roteador->{closure}('1')
#4 C:\xampp\htdocs\api_2bim\src\routes\Router.php(440): Router->invoke(Object(Closure), Array)
#5 C:\xampp\htdocs\api_2bim\src\routes\Router.php(287): Router->handle(Array, true)
#6 C:\xampp\htdocs\api_2bim\src\routes\Roteador.php(301): Router->run()
#7 C:\xampp\htdocs\api.php(3): Roteador->start()
#8 {main} 
 ################################################## 
[2025-08-08 20:18:55.000] [Throwable] 
 Throwable:
Message: SQLSTATE[42000]: Syntax error or access violation: 1064 You have an error in your SQL syntax; check the manual that corresponds to your MariaDB server version for the right syntax to use near 'ORDER BY id_turma ASC' at line 9
Code: 42000
File: C:\xampp\htdocs\api_2bim\src\DAO\turmasDAO.php
Line: 62
Trace:
#0 C:\xampp\htdocs\api_2bim\src\DAO\turmasDAO.php(62): PDOStatement->execute(Array)
#1 C:\xampp\htdocs\api_2bim\src\middlewares\TurmasMiddleware.php(103): turmasDAO->readByLetra('c', 3)
#2 C:\xampp\htdocs\api_2bim\src\routes\Roteador.php(243): TurmasMiddleware->hasNotTurmaByLetra('c', '3')
#3 C:\xampp\htdocs\api_2bim\src\routes\Router.php(458): Roteador->{closure}('1')
#4 C:\xampp\htdocs\api_2bim\src\routes\Router.php(440): Router->invoke(Object(Closure), Array)
#5 C:\xampp\htdocs\api_2bim\src\routes\Router.php(287): Router->handle(Array, true)
#6 C:\xampp\htdocs\api_2bim\src\routes\Roteador.php(301): Router->run()
#7 C:\xampp\htdocs\api.php(3): Roteador->start()
#8 {main} 
 ################################################## 
[2025-08-08 20:19:34.000] [Throwable] 
 Throwable:
Message: SQLSTATE[42000]: Syntax error or access violation: 1064 You have an error in your SQL syntax; check the manual that corresponds to your MariaDB server version for the right syntax to use near 'ORDER BY id_turma ASC' at line 9
Code: 42000
File: C:\xampp\htdocs\api_2bim\src\DAO\turmasDAO.php
Line: 62
Trace:
#0 C:\xampp\htdocs\api_2bim\src\DAO\turmasDAO.php(62): PDOStatement->execute(Array)
#1 C:\xampp\htdocs\api_2bim\src\middlewares\TurmasMiddleware.php(103): turmasDAO->readByLetra('c', 3)
#2 C:\xampp\htdocs\api_2bim\src\routes\Roteador.php(243): TurmasMiddleware->hasNotTurmaByLetra('c', '3')
#3 C:\xampp\htdocs\api_2bim\src\routes\Router.php(458): Roteador->{closure}('1')
#4 C:\xampp\htdocs\api_2bim\src\routes\Router.php(440): Router->invoke(Object(Closure), Array)
#5 C:\xampp\htdocs\api_2bim\src\routes\Router.php(287): Router->handle(Array, true)
#6 C:\xampp\htdocs\api_2bim\src\routes\Roteador.php(301): Router->run()
#7 C:\xampp\htdocs\api.php(3): Roteador->start()
#8 {main} 
 ################################################## 
[2025-08-08 20:20:11.000] [Throwable] 
 Throwable:
Message: SQLSTATE[42S22]: Column not found: 1054 Unknown column 'numero' in 'where clause'
Code: 42S22
File: C:\xampp\htdocs\api_2bim\src\DAO\turmasDAO.php
Line: 61
Trace:
#0 C:\xampp\htdocs\api_2bim\src\DAO\turmasDAO.php(61): PDOStatement->execute(Array)
#1 C:\xampp\htdocs\api_2bim\src\middlewares\TurmasMiddleware.php(103): turmasDAO->readByLetra('c', 3)
#2 C:\xampp\htdocs\api_2bim\src\routes\Roteador.php(243): TurmasMiddleware->hasNotTurmaByLetra('c', '3')
#3 C:\xampp\htdocs\api_2bim\src\routes\Router.php(458): Roteador->{closure}('1')
#4 C:\xampp\htdocs\api_2bim\src\routes\Router.php(440): Router->invoke(Object(Closure), Array)
#5 C:\xampp\htdocs\api_2bim\src\routes\Router.php(287): Router->handle(Array, true)
#6 C:\xampp\htdocs\api_2bim\src\routes\Roteador.php(301): Router->run()
#7 C:\xampp\htdocs\api.php(3): Roteador->start()
#8 {main} 
 ################################################## 
[2025-08-08 20:20:14.000] [Throwable] 
 Throwable:
Message: SQLSTATE[42S22]: Column not found: 1054 Unknown column 'numero' in 'where clause'
Code: 42S22
File: C:\xampp\htdocs\api_2bim\src\DAO\turmasDAO.php
Line: 61
Trace:
#0 C:\xampp\htdocs\api_2bim\src\DAO\turmasDAO.php(61): PDOStatement->execute(Array)
#1 C:\xampp\htdocs\api_2bim\src\middlewares\TurmasMiddleware.php(103): turmasDAO->readByLetra('c', 3)
#2 C:\xampp\htdocs\api_2bim\src\routes\Roteador.php(243): TurmasMiddleware->hasNotTurmaByLetra('c', '3')
#3 C:\xampp\htdocs\api_2bim\src\routes\Router.php(458): Roteador->{closure}('1')
#4 C:\xampp\htdocs\api_2bim\src\routes\Router.php(440): Router->invoke(Object(Closure), Array)
#5 C:\xampp\htdocs\api_2bim\src\routes\Router.php(287): Router->handle(Array, true)
#6 C:\xampp\htdocs\api_2bim\src\routes\Roteador.php(301): Router->run()
#7 C:\xampp\htdocs\api.php(3): Roteador->start()
#8 {main} 
 ################################################## 
[2025-08-16 20:34:48.000] [Throwable] 
 Throwable:
Message: Too few arguments to function alunosDAO::readById(), 0 passed in C:\xampp\htdocs\api_2bim\src\controller\cadastroControl.php on line 92 and exactly 1 expected
Code: 0
File: C:\xampp\htdocs\api_2bim\src\DAO\alunosDAO.php
Line: 34
Trace:
#0 C:\xampp\htdocs\api_2bim\src\controller\cadastroControl.php(92): alunosDAO->readById()
#1 C:\xampp\htdocs\api_2bim\src\routes\Roteador.php(54): CadastroControl->store(Object(stdClass))
#2 C:\xampp\htdocs\api_2bim\src\routes\Router.php(458): Roteador->{closure}()
#3 C:\xampp\htdocs\api_2bim\src\routes\Router.php(440): Router->invoke(Object(Closure), Array)
#4 C:\xampp\htdocs\api_2bim\src\routes\Router.php(287): Router->handle(Array, true)
#5 C:\xampp\htdocs\api_2bim\src\routes\Roteador.php(524): Router->run()
#6 C:\xampp\htdocs\api.php(3): Roteador->start()
#7 {main} 
 ################################################## 
[2025-08-16 20:39:58.000] [Throwable] 
 Throwable:
Message: Call to undefined method CadastroMiddleware::isValidMatricula()
Code: 0
File: C:\xampp\htdocs\api_2bim\src\routes\Roteador.php
Line: 52
Trace:
#0 C:\xampp\htdocs\api_2bim\src\routes\Router.php(458): Roteador->{closure}()
#1 C:\xampp\htdocs\api_2bim\src\routes\Router.php(440): Router->invoke(Object(Closure), Array)
#2 C:\xampp\htdocs\api_2bim\src\routes\Router.php(287): Router->handle(Array, true)
#3 C:\xampp\htdocs\api_2bim\src\routes\Roteador.php(526): Router->run()
#4 C:\xampp\htdocs\api.php(3): Roteador->start()
#5 {main} 
 ################################################## 
[2025-08-16 20:43:44.000] [Throwable] 
 Throwable:
Message: SQLSTATE[23000]: Integrity constraint violation: 1452 Cannot add or update a child row: a foreign key constraint fails (`escola`.`alunos`, CONSTRAINT `alunos_ibfk_1` FOREIGN KEY (`matricula`) REFERENCES `controle` (`matricula`) ON DELETE CASCADE)
Code: 23000
File: C:\xampp\htdocs\api_2bim\src\DAO\alunosDAO.php
Line: 92
Trace:
#0 C:\xampp\htdocs\api_2bim\src\DAO\alunosDAO.php(92): PDOStatement->execute(Array)
#1 C:\xampp\htdocs\api_2bim\src\controller\alunosControl.php(42): alunosDAO->create(Object(Aluno))
#2 C:\xampp\htdocs\api_2bim\src\routes\Roteador.php(230): alunosControl->store(Object(stdClass))
#3 C:\xampp\htdocs\api_2bim\src\routes\Router.php(458): Roteador->{closure}()
#4 C:\xampp\htdocs\api_2bim\src\routes\Router.php(440): Router->invoke(Object(Closure), Array)
#5 C:\xampp\htdocs\api_2bim\src\routes\Router.php(287): Router->handle(Array, true)
#6 C:\xampp\htdocs\api_2bim\src\routes\Roteador.php(525): Router->run()
#7 C:\xampp\htdocs\api.php(3): Roteador->start()
#8 {main} 
 ################################################## 
[2025-08-16 20:44:31.000] [Throwable] 
 Throwable:
Message: SQLSTATE[23000]: Integrity constraint violation: 1452 Cannot add or update a child row: a foreign key constraint fails (`escola`.`alunos`, CONSTRAINT `alunos_ibfk_1` FOREIGN KEY (`matricula`) REFERENCES `controle` (`matricula`) ON DELETE CASCADE)
Code: 23000
File: C:\xampp\htdocs\api_2bim\src\DAO\alunosDAO.php
Line: 92
Trace:
#0 C:\xampp\htdocs\api_2bim\src\DAO\alunosDAO.php(92): PDOStatement->execute(Array)
#1 C:\xampp\htdocs\api_2bim\src\controller\alunosControl.php(42): alunosDAO->create(Object(Aluno))
#2 C:\xampp\htdocs\api_2bim\src\routes\Roteador.php(230): alunosControl->store(Object(stdClass))
#3 C:\xampp\htdocs\api_2bim\src\routes\Router.php(458): Roteador->{closure}()
#4 C:\xampp\htdocs\api_2bim\src\routes\Router.php(440): Router->invoke(Object(Closure), Array)
#5 C:\xampp\htdocs\api_2bim\src\routes\Router.php(287): Router->handle(Array, true)
#6 C:\xampp\htdocs\api_2bim\src\routes\Roteador.php(525): Router->run()
#7 C:\xampp\htdocs\api.php(3): Roteador->start()
#8 {main} 
 ################################################## 
[2025-08-17 18:02:40.000] [Throwable] 
 Throwable:
Message: Aluno::setDataNascimento(): Argument #1 ($dataNascimento) must be of type string, DateTime given, called in C:\xampp\htdocs\api_2bim\src\controller\alunosControl.php on line 40
Code: 0
File: C:\xampp\htdocs\api_2bim\src\models\Aluno.php
Line: 41
Trace:
#0 C:\xampp\htdocs\api_2bim\src\controller\alunosControl.php(40): Aluno->setDataNascimento(Object(DateTime))
#1 C:\xampp\htdocs\api_2bim\src\routes\Roteador.php(230): alunosControl->store(Object(stdClass))
#2 C:\xampp\htdocs\api_2bim\src\routes\Router.php(458): Roteador->{closure}()
#3 C:\xampp\htdocs\api_2bim\src\routes\Router.php(440): Router->invoke(Object(Closure), Array)
#4 C:\xampp\htdocs\api_2bim\src\routes\Router.php(287): Router->handle(Array, true)
#5 C:\xampp\htdocs\api_2bim\src\routes\Roteador.php(525): Router->run()
#6 C:\xampp\htdocs\api.php(3): Roteador->start()
#7 {main} 
 ################################################## 
[2025-08-17 18:10:10.000] [Throwable] 
 Throwable:
Message: Aluno::setIdTurma(): Argument #1 ($idTurma) must be of type ?int, string given, called in C:\xampp\htdocs\api_2bim\src\controller\alunosControl.php on line 41
Code: 0
File: C:\xampp\htdocs\api_2bim\src\models\Aluno.php
Line: 50
Trace:
#0 C:\xampp\htdocs\api_2bim\src\controller\alunosControl.php(41): Aluno->setIdTurma('')
#1 C:\xampp\htdocs\api_2bim\src\routes\Roteador.php(230): alunosControl->store(Object(stdClass))
#2 C:\xampp\htdocs\api_2bim\src\routes\Router.php(458): Roteador->{closure}()
#3 C:\xampp\htdocs\api_2bim\src\routes\Router.php(440): Router->invoke(Object(Closure), Array)
#4 C:\xampp\htdocs\api_2bim\src\routes\Router.php(287): Router->handle(Array, true)
#5 C:\xampp\htdocs\api_2bim\src\routes\Roteador.php(525): Router->run()
#6 C:\xampp\htdocs\api.php(3): Roteador->start()
#7 {main} 
 ################################################## 
[2025-08-17 18:14:00.000] [Throwable] 
 Throwable:
Message: Object of class DateTime could not be converted to string
Code: 0
File: C:\xampp\htdocs\api_2bim\src\DAO\alunosDAO.php
Line: 92
Trace:
#0 C:\xampp\htdocs\api_2bim\src\DAO\alunosDAO.php(92): PDOStatement->execute(Array)
#1 C:\xampp\htdocs\api_2bim\src\controller\alunosControl.php(43): alunosDAO->create(Object(Aluno))
#2 C:\xampp\htdocs\api_2bim\src\routes\Roteador.php(230): alunosControl->store(Object(stdClass))
#3 C:\xampp\htdocs\api_2bim\src\routes\Router.php(458): Roteador->{closure}()
#4 C:\xampp\htdocs\api_2bim\src\routes\Router.php(440): Router->invoke(Object(Closure), Array)
#5 C:\xampp\htdocs\api_2bim\src\routes\Router.php(287): Router->handle(Array, true)
#6 C:\xampp\htdocs\api_2bim\src\routes\Roteador.php(525): Router->run()
#7 C:\xampp\htdocs\api.php(3): Roteador->start()
#8 {main} 
 ################################################## 
[2025-08-17 18:43:51.000] [Throwable] 
 Throwable:
Message: Aluno::setDataNascimento(): Argument #1 ($dataNascimento) must be of type DateTime, string given, called in C:\xampp\htdocs\api_2bim\src\DAO\alunosDAO.php on line 78
Code: 0
File: C:\xampp\htdocs\api_2bim\src\models\Aluno.php
Line: 41
Trace:
#0 C:\xampp\htdocs\api_2bim\src\DAO\alunosDAO.php(78): Aluno->setDataNascimento('2011-04-13')
#1 C:\xampp\htdocs\api_2bim\src\middlewares\AlunosMiddleware.php(102): alunosDAO->readByName('Clara Gomes')
#2 C:\xampp\htdocs\api_2bim\src\routes\Roteador.php(251): AlunosMiddleware->hasNotAlunoByName('Clara Gomes')
#3 C:\xampp\htdocs\api_2bim\src\routes\Router.php(458): Roteador->{closure}('7')
#4 C:\xampp\htdocs\api_2bim\src\routes\Router.php(440): Router->invoke(Object(Closure), Array)
#5 C:\xampp\htdocs\api_2bim\src\routes\Router.php(287): Router->handle(Array, true)
#6 C:\xampp\htdocs\api_2bim\src\routes\Roteador.php(525): Router->run()
#7 C:\xampp\htdocs\api.php(3): Roteador->start()
#8 {main} 
 ################################################## 
[2025-08-17 18:45:11.000] [Throwable] 
 Throwable:
Message: Aluno::setDataNascimento(): Argument #1 ($dataNascimento) must be of type DateTime, string given, called in C:\xampp\htdocs\api_2bim\src\DAO\alunosDAO.php on line 78
Code: 0
File: C:\xampp\htdocs\api_2bim\src\models\Aluno.php
Line: 41
Trace:
#0 C:\xampp\htdocs\api_2bim\src\DAO\alunosDAO.php(78): Aluno->setDataNascimento('2011-04-13')
#1 C:\xampp\htdocs\api_2bim\src\middlewares\AlunosMiddleware.php(102): alunosDAO->readByName('Clara Gomes')
#2 C:\xampp\htdocs\api_2bim\src\routes\Roteador.php(251): AlunosMiddleware->hasNotAlunoByName('Clara Gomes')
#3 C:\xampp\htdocs\api_2bim\src\routes\Router.php(458): Roteador->{closure}('7')
#4 C:\xampp\htdocs\api_2bim\src\routes\Router.php(440): Router->invoke(Object(Closure), Array)
#5 C:\xampp\htdocs\api_2bim\src\routes\Router.php(287): Router->handle(Array, true)
#6 C:\xampp\htdocs\api_2bim\src\routes\Roteador.php(525): Router->run()
#7 C:\xampp\htdocs\api.php(3): Roteador->start()
#8 {main} 
 ################################################## 
[2025-08-17 18:45:40.000] [Throwable] 
 Throwable:
Message: Aluno::setDataNascimento(): Argument #1 ($dataNascimento) must be of type DateTime, string given, called in C:\xampp\htdocs\api_2bim\src\DAO\alunosDAO.php on line 78
Code: 0
File: C:\xampp\htdocs\api_2bim\src\models\Aluno.php
Line: 41
Trace:
#0 C:\xampp\htdocs\api_2bim\src\DAO\alunosDAO.php(78): Aluno->setDataNascimento('2011-04-13')
#1 C:\xampp\htdocs\api_2bim\src\middlewares\AlunosMiddleware.php(102): alunosDAO->readByName('Clara Gomes')
#2 C:\xampp\htdocs\api_2bim\src\routes\Roteador.php(251): AlunosMiddleware->hasNotAlunoByName('Clara Gomes')
#3 C:\xampp\htdocs\api_2bim\src\routes\Router.php(458): Roteador->{closure}('7')
#4 C:\xampp\htdocs\api_2bim\src\routes\Router.php(440): Router->invoke(Object(Closure), Array)
#5 C:\xampp\htdocs\api_2bim\src\routes\Router.php(287): Router->handle(Array, true)
#6 C:\xampp\htdocs\api_2bim\src\routes\Roteador.php(525): Router->run()
#7 C:\xampp\htdocs\api.php(3): Roteador->start()
#8 {main} 
 ################################################## 
[2025-08-17 18:47:13.000] [Throwable] 
 Throwable:
Message: Aluno::setDataNascimento(): Argument #1 ($dataNascimento) must be of type DateTime, string given, called in C:\xampp\htdocs\api_2bim\src\DAO\alunosDAO.php on line 79
Code: 0
File: C:\xampp\htdocs\api_2bim\src\models\Aluno.php
Line: 41
Trace:
#0 C:\xampp\htdocs\api_2bim\src\DAO\alunosDAO.php(79): Aluno->setDataNascimento('2011-04-13')
#1 C:\xampp\htdocs\api_2bim\src\middlewares\AlunosMiddleware.php(102): alunosDAO->readByName('Clara Gomes')
#2 C:\xampp\htdocs\api_2bim\src\routes\Roteador.php(251): AlunosMiddleware->hasNotAlunoByName('Clara Gomes')
#3 C:\xampp\htdocs\api_2bim\src\routes\Router.php(458): Roteador->{closure}('7')
#4 C:\xampp\htdocs\api_2bim\src\routes\Router.php(440): Router->invoke(Object(Closure), Array)
#5 C:\xampp\htdocs\api_2bim\src\routes\Router.php(287): Router->handle(Array, true)
#6 C:\xampp\htdocs\api_2bim\src\routes\Roteador.php(525): Router->run()
#7 C:\xampp\htdocs\api.php(3): Roteador->start()
#8 {main} 
 ################################################## 
[2025-08-17 18:58:40.000] [Throwable] 
 Throwable:
Message: Aluno::setIdTurma(): Argument #1 ($idTurma) must be of type ?int, string given, called in C:\xampp\htdocs\api_2bim\src\controller\alunosControl.php on line 60
Code: 0
File: C:\xampp\htdocs\api_2bim\src\models\Aluno.php
Line: 50
Trace:
#0 C:\xampp\htdocs\api_2bim\src\controller\alunosControl.php(60): Aluno->setIdTurma('')
#1 C:\xampp\htdocs\api_2bim\src\routes\Roteador.php(254): alunosControl->edit(Object(stdClass))
#2 C:\xampp\htdocs\api_2bim\src\routes\Router.php(458): Roteador->{closure}('7')
#3 C:\xampp\htdocs\api_2bim\src\routes\Router.php(440): Router->invoke(Object(Closure), Array)
#4 C:\xampp\htdocs\api_2bim\src\routes\Router.php(287): Router->handle(Array, true)
#5 C:\xampp\htdocs\api_2bim\src\routes\Roteador.php(525): Router->run()
#6 C:\xampp\htdocs\api.php(3): Roteador->start()
#7 {main} 
 ################################################## 
[2025-08-17 18:59:31.000] [Throwable] 
 Throwable:
Message: Object of class DateTime could not be converted to string
Code: 0
File: C:\xampp\htdocs\api_2bim\src\DAO\alunosDAO.php
Line: 110
Trace:
#0 C:\xampp\htdocs\api_2bim\src\DAO\alunosDAO.php(110): PDOStatement->execute(Array)
#1 C:\xampp\htdocs\api_2bim\src\controller\alunosControl.php(62): alunosDAO->update(Object(Aluno))
#2 C:\xampp\htdocs\api_2bim\src\routes\Roteador.php(254): alunosControl->edit(Object(stdClass))
#3 C:\xampp\htdocs\api_2bim\src\routes\Router.php(458): Roteador->{closure}('7')
#4 C:\xampp\htdocs\api_2bim\src\routes\Router.php(440): Router->invoke(Object(Closure), Array)
#5 C:\xampp\htdocs\api_2bim\src\routes\Router.php(287): Router->handle(Array, true)
#6 C:\xampp\htdocs\api_2bim\src\routes\Roteador.php(525): Router->run()
#7 C:\xampp\htdocs\api.php(3): Roteador->start()
#8 {main} 
 ################################################## 
[2025-08-17 20:33:10.000] [Throwable] 
 Throwable:
Message: CadastroUsuario::setSenha(): Argument #1 ($senha) must be of type string, null given, called in C:\xampp\htdocs\api_2bim\src\controller\cadastroControl.php on line 99
Code: 0
File: C:\xampp\htdocs\api_2bim\src\models\CadastroUsuario.php
Line: 65
Trace:
#0 C:\xampp\htdocs\api_2bim\src\controller\cadastroControl.php(99): CadastroUsuario->setSenha(NULL)
#1 C:\xampp\htdocs\api_2bim\src\routes\Roteador.php(54): CadastroControl->store(Object(stdClass))
#2 C:\xampp\htdocs\api_2bim\src\routes\Router.php(458): Roteador->{closure}()
#3 C:\xampp\htdocs\api_2bim\src\routes\Router.php(440): Router->invoke(Object(Closure), Array)
#4 C:\xampp\htdocs\api_2bim\src\routes\Router.php(287): Router->handle(Array, true)
#5 C:\xampp\htdocs\api_2bim\src\routes\Roteador.php(524): Router->run()
#6 C:\xampp\htdocs\api.php(3): Roteador->start()
#7 {main} 
 ################################################## 
[2025-08-17 20:42:38.000] [Throwable] 
 Throwable:
Message: Call to undefined function setSenha()
Code: 0
File: C:\xampp\htdocs\api_2bim\src\controller\cadastroControl.php
Line: 34
Trace:
#0 C:\xampp\htdocs\api_2bim\src\routes\Roteador.php(116): CadastroControl->show(1)
#1 C:\xampp\htdocs\api_2bim\src\routes\Router.php(458): Roteador->{closure}('1')
#2 C:\xampp\htdocs\api_2bim\src\routes\Router.php(440): Router->invoke(Object(Closure), Array)
#3 C:\xampp\htdocs\api_2bim\src\routes\Router.php(287): Router->handle(Array, true)
#4 C:\xampp\htdocs\api_2bim\src\routes\Roteador.php(524): Router->run()
#5 C:\xampp\htdocs\api.php(3): Roteador->start()
#6 {main} 
 ################################################## 
[2025-08-17 20:43:37.000] [Throwable] 
 Throwable:
Message: Call to undefined function setSenha()
Code: 0
File: C:\xampp\htdocs\api_2bim\src\controller\cadastroControl.php
Line: 34
Trace:
#0 C:\xampp\htdocs\api_2bim\src\routes\Roteador.php(116): CadastroControl->show(1)
#1 C:\xampp\htdocs\api_2bim\src\routes\Router.php(458): Roteador->{closure}('1')
#2 C:\xampp\htdocs\api_2bim\src\routes\Router.php(440): Router->invoke(Object(Closure), Array)
#3 C:\xampp\htdocs\api_2bim\src\routes\Router.php(287): Router->handle(Array, true)
#4 C:\xampp\htdocs\api_2bim\src\routes\Roteador.php(524): Router->run()
#5 C:\xampp\htdocs\api.php(3): Roteador->start()
#6 {main} 
 ################################################## 
[2025-08-17 20:45:12.000] [Throwable] 
 Throwable:
Message: password_verify(): Argument #1 ($password) must be of type string, DateTime given
Code: 0
File: C:\xampp\htdocs\api_2bim\src\controller\cadastroControl.php
Line: 31
Trace:
#0 C:\xampp\htdocs\api_2bim\src\controller\cadastroControl.php(31): password_verify(Object(SensitiveParameterValue), '$2y$10$E/5Xwd1....')
#1 C:\xampp\htdocs\api_2bim\src\routes\Roteador.php(116): CadastroControl->show(1)
#2 C:\xampp\htdocs\api_2bim\src\routes\Router.php(458): Roteador->{closure}('1')
#3 C:\xampp\htdocs\api_2bim\src\routes\Router.php(440): Router->invoke(Object(Closure), Array)
#4 C:\xampp\htdocs\api_2bim\src\routes\Router.php(287): Router->handle(Array, true)
#5 C:\xampp\htdocs\api_2bim\src\routes\Roteador.php(524): Router->run()
#6 C:\xampp\htdocs\api.php(3): Roteador->start()
#7 {main} 
 ################################################## 
[2025-08-17 20:45:51.000] [Throwable] 
 Throwable:
Message: Object of class DateTime could not be converted to string
Code: 0
File: C:\xampp\htdocs\api_2bim\src\controller\cadastroControl.php
Line: 31
Trace:
#0 C:\xampp\htdocs\api_2bim\src\routes\Roteador.php(116): CadastroControl->show(1)
#1 C:\xampp\htdocs\api_2bim\src\routes\Router.php(458): Roteador->{closure}('1')
#2 C:\xampp\htdocs\api_2bim\src\routes\Router.php(440): Router->invoke(Object(Closure), Array)
#3 C:\xampp\htdocs\api_2bim\src\routes\Router.php(287): Router->handle(Array, true)
#4 C:\xampp\htdocs\api_2bim\src\routes\Roteador.php(524): Router->run()
#5 C:\xampp\htdocs\api.php(3): Roteador->start()
#6 {main} 
 ################################################## 
[2025-08-17 20:48:09.000] [Throwable] 
 Throwable:
Message: CadastroDAO::readById(): Return value must be of type ?array, stdClass returned
Code: 0
File: C:\xampp\htdocs\api_2bim\src\DAO\cadastroDAO.php
Line: 44
Trace:
#0 C:\xampp\htdocs\api_2bim\src\controller\cadastroControl.php(30): CadastroDAO->readById(1)
#1 C:\xampp\htdocs\api_2bim\src\routes\Roteador.php(116): CadastroControl->show(1)
#2 C:\xampp\htdocs\api_2bim\src\routes\Router.php(458): Roteador->{closure}('1')
#3 C:\xampp\htdocs\api_2bim\src\routes\Router.php(440): Router->invoke(Object(Closure), Array)
#4 C:\xampp\htdocs\api_2bim\src\routes\Router.php(287): Router->handle(Array, true)
#5 C:\xampp\htdocs\api_2bim\src\routes\Roteador.php(524): Router->run()
#6 C:\xampp\htdocs\api.php(3): Roteador->start()
#7 {main} 
 ################################################## 
[2025-08-17 21:07:26.000] [Throwable] 
 Throwable:
Message: CadastroUsuario::setSenha(): Argument #1 ($senha) must be of type string, null given, called in C:\xampp\htdocs\api_2bim\src\controller\cadastroControl.php on line 103
Code: 0
File: C:\xampp\htdocs\api_2bim\src\models\CadastroUsuario.php
Line: 65
Trace:
#0 C:\xampp\htdocs\api_2bim\src\controller\cadastroControl.php(103): CadastroUsuario->setSenha(NULL)
#1 C:\xampp\htdocs\api_2bim\src\routes\Roteador.php(54): CadastroControl->store(Object(stdClass))
#2 C:\xampp\htdocs\api_2bim\src\routes\Router.php(458): Roteador->{closure}()
#3 C:\xampp\htdocs\api_2bim\src\routes\Router.php(440): Router->invoke(Object(Closure), Array)
#4 C:\xampp\htdocs\api_2bim\src\routes\Router.php(287): Router->handle(Array, true)
#5 C:\xampp\htdocs\api_2bim\src\routes\Roteador.php(524): Router->run()
#6 C:\xampp\htdocs\api.php(3): Roteador->start()
#7 {main} 
 ################################################## 
[2025-08-17 21:08:17.000] [Throwable] 
 Throwable:
Message: CadastroUsuario::setSenha(): Argument #1 ($senha) must be of type string, null given, called in C:\xampp\htdocs\api_2bim\src\controller\cadastroControl.php on line 103
Code: 0
File: C:\xampp\htdocs\api_2bim\src\models\CadastroUsuario.php
Line: 65
Trace:
#0 C:\xampp\htdocs\api_2bim\src\controller\cadastroControl.php(103): CadastroUsuario->setSenha(NULL)
#1 C:\xampp\htdocs\api_2bim\src\routes\Roteador.php(54): CadastroControl->store(Object(stdClass))
#2 C:\xampp\htdocs\api_2bim\src\routes\Router.php(458): Roteador->{closure}()
#3 C:\xampp\htdocs\api_2bim\src\routes\Router.php(440): Router->invoke(Object(Closure), Array)
#4 C:\xampp\htdocs\api_2bim\src\routes\Router.php(287): Router->handle(Array, true)
#5 C:\xampp\htdocs\api_2bim\src\routes\Roteador.php(524): Router->run()
#6 C:\xampp\htdocs\api.php(3): Roteador->start()
#7 {main} 
 ################################################## 
[2025-08-17 21:08:38.000] [Throwable] 
 Throwable:
Message: CadastroUsuario::setSenha(): Argument #1 ($senha) must be of type string, null given, called in C:\xampp\htdocs\api_2bim\src\controller\cadastroControl.php on line 103
Code: 0
File: C:\xampp\htdocs\api_2bim\src\models\CadastroUsuario.php
Line: 65
Trace:
#0 C:\xampp\htdocs\api_2bim\src\controller\cadastroControl.php(103): CadastroUsuario->setSenha(NULL)
#1 C:\xampp\htdocs\api_2bim\src\routes\Roteador.php(54): CadastroControl->store(Object(stdClass))
#2 C:\xampp\htdocs\api_2bim\src\routes\Router.php(458): Roteador->{closure}()
#3 C:\xampp\htdocs\api_2bim\src\routes\Router.php(440): Router->invoke(Object(Closure), Array)
#4 C:\xampp\htdocs\api_2bim\src\routes\Router.php(287): Router->handle(Array, true)
#5 C:\xampp\htdocs\api_2bim\src\routes\Roteador.php(524): Router->run()
#6 C:\xampp\htdocs\api.php(3): Roteador->start()
#7 {main} 
 ################################################## 
[2025-08-17 21:18:48.000] [Throwable] 
 Throwable:
Message: Call to undefined method CadastroUsuario::setDataAtualizacao()
Code: 0
File: C:\xampp\htdocs\api_2bim\src\DAO\cadastroDAO.php
Line: 108
Trace:
#0 C:\xampp\htdocs\api_2bim\src\controller\cadastroControl.php(70): CadastroDAO->update(Object(CadastroUsuario))
#1 C:\xampp\htdocs\api_2bim\src\routes\Roteador.php(147): CadastroControl->edit(Object(stdClass))
#2 C:\xampp\htdocs\api_2bim\src\routes\Router.php(458): Roteador->{closure}('7')
#3 C:\xampp\htdocs\api_2bim\src\routes\Router.php(440): Router->invoke(Object(Closure), Array)
#4 C:\xampp\htdocs\api_2bim\src\routes\Router.php(287): Router->handle(Array, true)
#5 C:\xampp\htdocs\api_2bim\src\routes\Roteador.php(524): Router->run()
#6 C:\xampp\htdocs\api.php(3): Roteador->start()
#7 {main} 
 ################################################## 
[2025-08-17 21:20:46.000] [Throwable] 
 Throwable:
Message: Call to a member function getDataNascimento() on null
Code: 0
File: C:\xampp\htdocs\api_2bim\src\DAO\cadastroDAO.php
Line: 120
Trace:
#0 C:\xampp\htdocs\api_2bim\src\controller\cadastroControl.php(70): CadastroDAO->update(Object(CadastroUsuario))
#1 C:\xampp\htdocs\api_2bim\src\routes\Roteador.php(147): CadastroControl->edit(Object(stdClass))
#2 C:\xampp\htdocs\api_2bim\src\routes\Router.php(458): Roteador->{closure}('7')
#3 C:\xampp\htdocs\api_2bim\src\routes\Router.php(440): Router->invoke(Object(Closure), Array)
#4 C:\xampp\htdocs\api_2bim\src\routes\Router.php(287): Router->handle(Array, true)
#5 C:\xampp\htdocs\api_2bim\src\routes\Roteador.php(524): Router->run()
#6 C:\xampp\htdocs\api.php(3): Roteador->start()
#7 {main} 
 ################################################## 
